<?xml version="1.0" encoding="UTF-8"?>
<!-- Generated by org.testng.reporters.JUnitReportReporter -->
<testsuite skipped="0" hostname="SOFT15" name="test.Test_GridFilter" tests="5" failures="0" timestamp="20 Jan 2021 10:34:40 GMT" time="67.334" errors="0">
  <testcase name="VerifyGridPTitle" time="16.778" classname="test.Test_GridFilter"/>
  <testcase name="VerifyClientnameFilter" time="8.664" classname="test.Test_GridFilter"/>
  <testcase name="VerifyloginPage" time="23.070" classname="test.Test_GridFilter"/>
  <testcase name="VerifyInvoicenumberFilter" time="8.439" classname="test.Test_GridFilter"/>
  <testcase name="VerifyInvoicedateFilter" time="10.383" classname="test.Test_GridFilter"/>
</testsuite> <!-- test.Test_GridFilter -->
